<?xml version="1.0" encoding="UTF-8" ?>
<testsuite errors="0" failures="1" hostname="falblawi" name="com.blagha.JWSCVesselTests" tests="1" time="0.009" timestamp="2012-09-13T07:50:47">
  <properties />
  <testcase classname="com.blagha.JWSCVesselTests" name="testSomething" time="0.009">
    <failure message="java.lang.AssertionError: Implement me" type="junit.framework.AssertionFailedError">junit.framework.AssertionFailedError: java.lang.AssertionError: Implement me
	at com.blagha.JWSCVesselTests.testSomething(JWSCVesselTests.groovy:24)
</failure>
  </testcase>
  <system-out><![CDATA[--Output from testSomething--
]]></system-out>
  <system-err><![CDATA[--Output from testSomething--
]]></system-err>
</testsuite>
